<?xml version="1.0" encoding="UTF-8"?>
<testsuite name="Automation" tests="1" skipped="0" failures="0" errors="0" timestamp="2022-04-27T02:40:53" hostname="LAPTOP-BNC3L37I" time="28.036">
  <properties/>
  <testcase name="Find the quantity of adidas shoes" classname="Automation" time="28.036"/>
  <system-out><![CDATA[]]></system-out>
  <system-err><![CDATA[abr 26, 2022 9:40:53 PM org.openqa.selenium.remote.DesiredCapabilities firefox
INFORMACIÓN: Using `new FirefoxOptions()` is preferred to `DesiredCapabilities.firefox()`
abr 26, 2022 9:40:53 PM org.openqa.selenium.remote.DesiredCapabilities firefox
INFORMACIÓN: Using `new FirefoxOptions()` is preferred to `DesiredCapabilities.firefox()`
1651027255280	mozrunner::runner	INFO	Running command: "C:\\Program Files\\Mozilla Firefox\\firefox.exe" "-marionette" "-foreground" "-no-remote" "-profile" "C:\\Users\\ladym\\AppData\\Local\\Temp\\rust_mozprofile.HrkF1kFTvvcV"
1651027257262	Marionette	INFO	Marionette enabled
JavaScript error: resource://gre/modules/XULStore.jsm, line 66: Error: Can't find profile directory.
1651027261003	Marionette	INFO	Listening on port 61971
1651027261165	RemoteAgent	WARN	TLS certificate errors will be ignored for this session
abr 26, 2022 9:41:01 PM org.openqa.selenium.remote.ProtocolHandshake createSession
INFORMACIÓN: Detected dialect: W3C
JavaScript error: https://ir.ebaystatic.com/rs/c/inception-c1V0Y9X3.js, line 6: NetworkError: A network error occurred.
JavaScript error: https://ir.ebaystatic.com/rs/c/inception-c1V0Y9X3.js, line 6: NetworkError: A network error occurred.
JavaScript error: https://ir.ebaystatic.com/rs/c/desktop_ac_0316.js, line 38: TypeError: a is undefined
JavaScript error: https://www.ebay.com/sch/i.html?_from=R40&_trksid=p2380057.m570.l1313&_nkw=shoes&_sacat=0, line 1: TypeError: r[1] is undefined
JavaScript error: https://www.ebay.com/sch/i.html?_from=R40&_nkw=shoes&_sacat=0&rt=nc&Brand=adidas&_dcat=93427, line 1: TypeError: r[1] is undefined
1651027279303	Marionette	INFO	Stopped listening on port 61971

###!!! [Parent][PContentParent] Error: Send(msgname=PContent::Reply_DiscardBrowsingContext) Closed channel: cannot send/recv


###!!! [Parent][PContentParent] Error: Send(msgname=PContent::Msg_DestroyBrowsingContextGroup) Closed channel: cannot send/recv


###!!! [Child][PContentChild] Error: RunMessage(msgname=PContent::Msg_DiscardBrowsingContext) Channel closing: too late to send/recv, messages will be lost


###!!! [Child][PContentChild] Error: RunMessage(msgname=PContent::Reply_DiscardBrowsingContext) Channel closing: too late to send/recv, messages will be lost


###!!! [Child][PContentChild] Error: RunMessage(msgname=PHttpChannel::Msg_DeleteSelf) Channel closing: too late to send/recv, messages will be lost


###!!! [Child][PContentChild] Error: RunMessage(msgname=PHttpChannel::Msg_DeleteSelf) Channel closing: too late to send/recv, messages will be lost


###!!! [Child][PContentChild] Error: RunMessage(msgname=PHttpChannel::Msg_DeleteSelf) Channel closing: too late to send/recv, messages will be lost


###!!! [Child][PContentChild] Error: RunMessage(msgname=PHttpChannel::Msg_DeleteSelf) Channel closing: too late to send/recv, messages will be lost


###!!! [Child][PContentChild] Error: RunMessage(msgname=PHttpChannel::Msg_DeleteSelf) Channel closing: too late to send/recv, messages will be lost


###!!! [Child][PContentChild] Error: RunMessage(msgname=PHttpChannel::Msg_DeleteSelf) Channel closing: too late to send/recv, messages will be lost


###!!! [Child][PContentChild] Error: RunMessage(msgname=PHttpChannel::Msg_DeleteSelf) Channel closing: too late to send/recv, messages will be lost


###!!! [Child][PContentChild] Error: RunMessage(msgname=PHttpChannel::Msg_DeleteSelf) Channel closing: too late to send/recv, messages will be lost


###!!! [Parent][PGPUParent] Error: RunMessage(msgname=PGPU::Msg_ShutdownVR) Channel closing: too late to send/recv, messages will be lost

[Test worker] INFO net.serenitybdd.core.Serenity - 
        __    _____ _____ ____ _____   ____   _    ____  ____  _____ ____  
  _     \ \  |_   _| ____/ ___|_   _| |  _ \ / \  / ___|/ ___|| ____|  _ \ 
 (_)_____| |   | | |  _| \___ \ | |   | |_) / _ \ \___ \\___ \|  _| | | | |
  _|_____| |   | | | |___ ___) || |   |  __/ ___ \ ___) |___) | |___| |_| |
 (_)     | |   |_| |_____|____/ |_|   |_| /_/   \_\____/|____/|_____|____/ 
        /_/                                                                

TEST PASSED: Find the quantity of adidas shoes
----------------------------------------------------------------------------
]]></system-err>
</testsuite>
