<?xml version="1.0" encoding="UTF-8"?>
<testsuite name="Automation" tests="1" skipped="0" failures="0" errors="0" timestamp="2022-04-26T02:29:00" hostname="LAPTOP-BNC3L37I" time="13.532">
  <properties/>
  <testcase name="Find the quantity of adidas shoes" classname="Automation" time="13.532"/>
  <system-out><![CDATA[]]></system-out>
  <system-err><![CDATA[abr 25, 2022 9:29:01 PM org.openqa.selenium.remote.DesiredCapabilities chrome
INFORMACIÓN: Using `new ChromeOptions()` is preferred to `DesiredCapabilities.chrome()`
Starting ChromeDriver 100.0.4896.60 (6a5d10861ce8de5fce22564658033b43cb7de047-refs/branch-heads/4896@{#875}) on port 10319
Only local connections are allowed.
Please see https://chromedriver.chromium.org/security-considerations for suggestions on keeping ChromeDriver safe.
ChromeDriver was started successfully.
abr 25, 2022 9:29:07 PM org.openqa.selenium.remote.ProtocolHandshake createSession
INFORMACIÓN: Detected dialect: W3C
[Test worker] INFO net.serenitybdd.core.Serenity - 
        __    _____ _____ ____ _____   ____   _    ____  ____  _____ ____  
  _     \ \  |_   _| ____/ ___|_   _| |  _ \ / \  / ___|/ ___|| ____|  _ \ 
 (_)_____| |   | | |  _| \___ \ | |   | |_) / _ \ \___ \\___ \|  _| | | | |
  _|_____| |   | | | |___ ___) || |   |  __/ ___ \ ___) |___) | |___| |_| |
 (_)     | |   |_| |_____|____/ |_|   |_| /_/   \_\____/|____/|_____|____/ 
        /_/                                                                

TEST PASSED: Find the quantity of adidas shoes
----------------------------------------------------------------------------
]]></system-err>
</testsuite>
